<?xml version="1.0" encoding="UTF-8"?>
<testng-results ignored="0" total="1" passed="1" failed="0" skipped="0">
  <reporter-output>
  </reporter-output>
  <suite started-at="2025-06-05T22:42:02 PDT" name="Default suite" finished-at="2025-06-05T22:42:37 PDT" duration-ms="35098">
    <groups>
      <group name="cucumber">
        <method signature="AbstractTestNGCucumberTests.runScenario(io.cucumber.testng.PickleWrapper,io.cucumber.testng.FeatureWrapper)[pri:0, instance:runners.TestRunner@4007f65e]" name="runScenario" class="io.cucumber.testng.AbstractTestNGCucumberTests"/>
      </group> <!-- cucumber -->
    </groups>
    <test started-at="2025-06-05T22:42:02 PDT" name="Default test" finished-at="2025-06-05T22:42:37 PDT" duration-ms="35098">
      <class name="runners.TestRunner">
        <test-method is-config="true" signature="setUpClass(org.testng.ITestContext)[pri:0, instance:runners.TestRunner@4007f65e]" started-at="2025-06-05T22:42:02 PDT" name="setUpClass" finished-at="2025-06-05T22:42:02 PDT" duration-ms="193" status="PASS">
          <params>
            <param index="0">
              <value>
                <![CDATA[org.testng.TestRunner@32b0876c]]>
              </value>
            </param>
          </params>
          <reporter-output>
          </reporter-output>
        </test-method> <!-- setUpClass -->
        <test-method signature="runScenario(io.cucumber.testng.PickleWrapper,io.cucumber.testng.FeatureWrapper)[pri:0, instance:runners.TestRunner@4007f65e]" started-at="2025-06-05T22:42:02 PDT" name="runScenario" description="Runs Cucumber Scenarios" data-provider="scenarios" finished-at="2025-06-05T22:42:37 PDT" duration-ms="34866" status="PASS">
          <params>
            <param index="0">
              <value>
                <![CDATA["Successful login with valid credentials"]]>
              </value>
            </param>
            <param index="1">
              <value>
                <![CDATA["Login functionality"]]>
              </value>
            </param>
          </params>
          <reporter-output>
          </reporter-output>
        </test-method> <!-- runScenario -->
        <test-method is-config="true" signature="tearDownClass()[pri:0, instance:runners.TestRunner@4007f65e]" started-at="2025-06-05T22:42:37 PDT" name="tearDownClass" finished-at="2025-06-05T22:42:37 PDT" duration-ms="19" status="PASS">
          <reporter-output>
          </reporter-output>
        </test-method> <!-- tearDownClass -->
      </class> <!-- runners.TestRunner -->
    </test> <!-- Default test -->
  </suite> <!-- Default suite -->
</testng-results>
